

Microchip Technology PIC LITE Macro Assembler V1.12 build 49521 
                                                                                               Wed Aug 27 23:45:11 2014

HI-TECH Software Omniscient Code Generator (Lite mode) build 49521
     1  0000                     opt subtitle "HI-TECH Software Omniscient Code Generator (Lite mode) build 49521"
     2                           opt subtitle "HI-TECH Software Omniscient Code Generator (Lite mode) build 49521"
     3                           
     4                           opt pagewidth 120
     5                           
     6                           	opt lm
     7                           
     8                           	processor	16F88
     9                           clrc	macro
    10  0000                     	endm
    11                           opt subtitle "HI-TECH Software Omniscient Code Generator (Lite mode) build 49521"
    12                           
    13  0000                     	endm
    14                           opt subtitle "HI-TECH Software Omniscient Code Generator (Lite mode) build 49521"
    15                           
    16  0000                     	endm
    17                           opt subtitle "HI-TECH Software Omniscient Code Generator (Lite mode) build 49521"
    18                           
    19  0000                     	endm
    20                           opt subtitle "HI-TECH Software Omniscient Code Generator (Lite mode) build 49521"
    21                           
    22  0000                     	endm
    23                           opt subtitle "HI-TECH Software Omniscient Code Generator (Lite mode) build 49521"
    24                           
    25  0000                     	endm
    26                           opt subtitle "HI-TECH Software Omniscient Code Generator (Lite mode) build 49521"
    27                           
    28  0000                     	endm
    29                           opt subtitle "HI-TECH Software Omniscient Code Generator (Lite mode) build 49521"
    30                           
    31  0000                     	endm
    32  0000                     indf	equ	0
    33  0000                     indf0	equ	0
    34  0002                     pc	equ	2
    35  0002                     pcl	equ	2
    36  0003                     status	equ	3
    37  0004                     fsr	equ	4
    38  0004                     fsr0	equ	4
    39  0001                     c	equ	1
    40  0000                     z	equ	0
    41  000A                     pclath	equ	10
    42                           opt subtitle "HI-TECH Software Omniscient Code Generator (Lite mode) build 49521"
    43  0000                     INDF equ 00h ;# 
    44                           opt subtitle "HI-TECH Software Omniscient Code Generator (Lite mode) build 49521"
    45  0001                     TMR0 equ 01h ;# 
    46                           opt subtitle "HI-TECH Software Omniscient Code Generator (Lite mode) build 49521"
    47  0002                     PCL equ 02h ;# 
    48                           opt subtitle "HI-TECH Software Omniscient Code Generator (Lite mode) build 49521"
    49  0003                     STATUS equ 03h ;# 
    50                           opt subtitle "HI-TECH Software Omniscient Code Generator (Lite mode) build 49521"
    51  0004                     FSR equ 04h ;# 
    52                           opt subtitle "HI-TECH Software Omniscient Code Generator (Lite mode) build 49521"
    53  0005                     PORTA equ 05h ;# 
    54                           opt subtitle "HI-TECH Software Omniscient Code Generator (Lite mode) build 49521"
    55  0006                     PORTB equ 06h ;# 
    56                           opt subtitle "HI-TECH Software Omniscient Code Generator (Lite mode) build 49521"
    57  000A                     PCLATH equ 0Ah ;# 
    58                           opt subtitle "HI-TECH Software Omniscient Code Generator (Lite mode) build 49521"
    59  000B                     INTCON equ 0Bh ;# 
    60                           opt subtitle "HI-TECH Software Omniscient Code Generator (Lite mode) build 49521"
    61  000C                     PIR1 equ 0Ch ;# 
    62                           opt subtitle "HI-TECH Software Omniscient Code Generator (Lite mode) build 49521"
    63  000D                     PIR2 equ 0Dh ;# 
    64                           opt subtitle "HI-TECH Software Omniscient Code Generator (Lite mode) build 49521"
    65  000E                     TMR1 equ 0Eh ;# 
    66                           opt subtitle "HI-TECH Software Omniscient Code Generator (Lite mode) build 49521"
    67  000E                     TMR1L equ 0Eh ;# 
    68                           opt subtitle "HI-TECH Software Omniscient Code Generator (Lite mode) build 49521"
    69  000F                     TMR1H equ 0Fh ;# 
    70                           opt subtitle "HI-TECH Software Omniscient Code Generator (Lite mode) build 49521"
    71  0010                     T1CON equ 010h ;# 
    72                           opt subtitle "HI-TECH Software Omniscient Code Generator (Lite mode) build 49521"
    73  0011                     TMR2 equ 011h ;# 
    74                           opt subtitle "HI-TECH Software Omniscient Code Generator (Lite mode) build 49521"
    75  0012                     T2CON equ 012h ;# 
    76                           opt subtitle "HI-TECH Software Omniscient Code Generator (Lite mode) build 49521"
    77  0013                     SSPBUF equ 013h ;# 
    78                           opt subtitle "HI-TECH Software Omniscient Code Generator (Lite mode) build 49521"
    79  0014                     SSPCON equ 014h ;# 
    80                           opt subtitle "HI-TECH Software Omniscient Code Generator (Lite mode) build 49521"
    81  0015                     CCPR1 equ 015h ;# 
    82                           opt subtitle "HI-TECH Software Omniscient Code Generator (Lite mode) build 49521"
    83  0015                     CCPR1L equ 015h ;# 
    84                           opt subtitle "HI-TECH Software Omniscient Code Generator (Lite mode) build 49521"
    85  0016                     CCPR1H equ 016h ;# 
    86                           opt subtitle "HI-TECH Software Omniscient Code Generator (Lite mode) build 49521"
    87  0017                     CCP1CON equ 017h ;# 
    88                           opt subtitle "HI-TECH Software Omniscient Code Generator (Lite mode) build 49521"
    89  0018                     RCSTA equ 018h ;# 
    90                           opt subtitle "HI-TECH Software Omniscient Code Generator (Lite mode) build 49521"
    91  0019                     TXREG equ 019h ;# 
    92                           opt subtitle "HI-TECH Software Omniscient Code Generator (Lite mode) build 49521"
    93  001A                     RCREG equ 01Ah ;# 
    94                           opt subtitle "HI-TECH Software Omniscient Code Generator (Lite mode) build 49521"
    95  001E                     ADRESH equ 01Eh ;# 
    96                           opt subtitle "HI-TECH Software Omniscient Code Generator (Lite mode) build 49521"
    97  001F                     ADCON0 equ 01Fh ;# 
    98                           opt subtitle "HI-TECH Software Omniscient Code Generator (Lite mode) build 49521"
    99  0081                     OPTION_REG equ 081h ;# 
   100                           opt subtitle "HI-TECH Software Omniscient Code Generator (Lite mode) build 49521"
   101  0085                     TRISA equ 085h ;# 
   102                           opt subtitle "HI-TECH Software Omniscient Code Generator (Lite mode) build 49521"
   103  0086                     TRISB equ 086h ;# 
   104                           opt subtitle "HI-TECH Software Omniscient Code Generator (Lite mode) build 49521"
   105  008C                     PIE1 equ 08Ch ;# 
   106                           opt subtitle "HI-TECH Software Omniscient Code Generator (Lite mode) build 49521"
   107  008D                     PIE2 equ 08Dh ;# 
   108                           opt subtitle "HI-TECH Software Omniscient Code Generator (Lite mode) build 49521"
   109  008E                     PCON equ 08Eh ;# 
   110                           opt subtitle "HI-TECH Software Omniscient Code Generator (Lite mode) build 49521"
   111  008F                     OSCCON equ 08Fh ;# 
   112                           opt subtitle "HI-TECH Software Omniscient Code Generator (Lite mode) build 49521"
   113  0090                     OSCTUNE equ 090h ;# 
   114                           opt subtitle "HI-TECH Software Omniscient Code Generator (Lite mode) build 49521"
   115  0092                     PR2 equ 092h ;# 
   116                           opt subtitle "HI-TECH Software Omniscient Code Generator (Lite mode) build 49521"
   117  0093                     SSPADD equ 093h ;# 
   118                           opt subtitle "HI-TECH Software Omniscient Code Generator (Lite mode) build 49521"
   119  0094                     SSPSTAT equ 094h ;# 
   120                           opt subtitle "HI-TECH Software Omniscient Code Generator (Lite mode) build 49521"
   121  0098                     TXSTA equ 098h ;# 
   122                           opt subtitle "HI-TECH Software Omniscient Code Generator (Lite mode) build 49521"
   123  0099                     SPBRG equ 099h ;# 
   124                           opt subtitle "HI-TECH Software Omniscient Code Generator (Lite mode) build 49521"
   125  009B                     ANSEL equ 09Bh ;# 
   126                           opt subtitle "HI-TECH Software Omniscient Code Generator (Lite mode) build 49521"
   127  009C                     CMCON equ 09Ch ;# 
   128                           opt subtitle "HI-TECH Software Omniscient Code Generator (Lite mode) build 49521"
   129  009D                     CVRCON equ 09Dh ;# 
   130                           opt subtitle "HI-TECH Software Omniscient Code Generator (Lite mode) build 49521"
   131  009E                     ADRESL equ 09Eh ;# 
   132                           opt subtitle "HI-TECH Software Omniscient Code Generator (Lite mode) build 49521"
   133  009F                     ADCON1 equ 09Fh ;# 
   134                           opt subtitle "HI-TECH Software Omniscient Code Generator (Lite mode) build 49521"
   135  0105                     WDTCON equ 0105h ;# 
   136                           opt subtitle "HI-TECH Software Omniscient Code Generator (Lite mode) build 49521"
   137  010C                     EEDATA equ 010Ch ;# 
   138                           opt subtitle "HI-TECH Software Omniscient Code Generator (Lite mode) build 49521"
   139  010D                     EEADR equ 010Dh ;# 
   140                           opt subtitle "HI-TECH Software Omniscient Code Generator (Lite mode) build 49521"
   141  010E                     EEDATH equ 010Eh ;# 
   142                           opt subtitle "HI-TECH Software Omniscient Code Generator (Lite mode) build 49521"
   143  010F                     EEADRH equ 010Fh ;# 
   144                           opt subtitle "HI-TECH Software Omniscient Code Generator (Lite mode) build 49521"
   145  018C                     EECON1 equ 018Ch ;# 
   146                           opt subtitle "HI-TECH Software Omniscient Code Generator (Lite mode) build 49521"
   147  018D                     EECON2 equ 018Dh ;# 
   148                           opt subtitle "HI-TECH Software Omniscient Code Generator (Lite mode) build 49521"
   149  0000                     INDF equ 00h ;# 
   150                           opt subtitle "HI-TECH Software Omniscient Code Generator (Lite mode) build 49521"
   151  0001                     TMR0 equ 01h ;# 
   152                           opt subtitle "HI-TECH Software Omniscient Code Generator (Lite mode) build 49521"
   153  0002                     PCL equ 02h ;# 
   154                           opt subtitle "HI-TECH Software Omniscient Code Generator (Lite mode) build 49521"
   155  0003                     STATUS equ 03h ;# 
   156                           opt subtitle "HI-TECH Software Omniscient Code Generator (Lite mode) build 49521"
   157  0004                     FSR equ 04h ;# 
   158                           opt subtitle "HI-TECH Software Omniscient Code Generator (Lite mode) build 49521"
   159  0005                     PORTA equ 05h ;# 
   160                           opt subtitle "HI-TECH Software Omniscient Code Generator (Lite mode) build 49521"
   161  0006                     PORTB equ 06h ;# 
   162                           opt subtitle "HI-TECH Software Omniscient Code Generator (Lite mode) build 49521"
   163  000A                     PCLATH equ 0Ah ;# 
   164                           opt subtitle "HI-TECH Software Omniscient Code Generator (Lite mode) build 49521"
   165  000B                     INTCON equ 0Bh ;# 
   166                           opt subtitle "HI-TECH Software Omniscient Code Generator (Lite mode) build 49521"
   167  000C                     PIR1 equ 0Ch ;# 
   168                           opt subtitle "HI-TECH Software Omniscient Code Generator (Lite mode) build 49521"
   169  000D                     PIR2 equ 0Dh ;# 
   170                           opt subtitle "HI-TECH Software Omniscient Code Generator (Lite mode) build 49521"
   171  000E                     TMR1 equ 0Eh ;# 
   172                           opt subtitle "HI-TECH Software Omniscient Code Generator (Lite mode) build 49521"
   173  000E                     TMR1L equ 0Eh ;# 
   174                           opt subtitle "HI-TECH Software Omniscient Code Generator (Lite mode) build 49521"
   175  000F                     TMR1H equ 0Fh ;# 
   176                           opt subtitle "HI-TECH Software Omniscient Code Generator (Lite mode) build 49521"
   177  0010                     T1CON equ 010h ;# 
   178                           opt subtitle "HI-TECH Software Omniscient Code Generator (Lite mode) build 49521"
   179  0011                     TMR2 equ 011h ;# 
   180                           opt subtitle "HI-TECH Software Omniscient Code Generator (Lite mode) build 49521"
   181  0012                     T2CON equ 012h ;# 
   182                           opt subtitle "HI-TECH Software Omniscient Code Generator (Lite mode) build 49521"
   183  0013                     SSPBUF equ 013h ;# 
   184                           opt subtitle "HI-TECH Software Omniscient Code Generator (Lite mode) build 49521"
   185  0014                     SSPCON equ 014h ;# 
   186                           opt subtitle "HI-TECH Software Omniscient Code Generator (Lite mode) build 49521"
   187  0015                     CCPR1 equ 015h ;# 
   188                           opt subtitle "HI-TECH Software Omniscient Code Generator (Lite mode) build 49521"
   189  0015                     CCPR1L equ 015h ;# 
   190                           opt subtitle "HI-TECH Software Omniscient Code Generator (Lite mode) build 49521"
   191  0016                     CCPR1H equ 016h ;# 
   192                           opt subtitle "HI-TECH Software Omniscient Code Generator (Lite mode) build 49521"
   193  0017                     CCP1CON equ 017h ;# 
   194                           opt subtitle "HI-TECH Software Omniscient Code Generator (Lite mode) build 49521"
   195  0018                     RCSTA equ 018h ;# 
   196                           opt subtitle "HI-TECH Software Omniscient Code Generator (Lite mode) build 49521"
   197  0019                     TXREG equ 019h ;# 
   198                           opt subtitle "HI-TECH Software Omniscient Code Generator (Lite mode) build 49521"
   199  001A                     RCREG equ 01Ah ;# 
   200                           opt subtitle "HI-TECH Software Omniscient Code Generator (Lite mode) build 49521"
   201  001E                     ADRESH equ 01Eh ;# 
   202                           opt subtitle "HI-TECH Software Omniscient Code Generator (Lite mode) build 49521"
   203  001F                     ADCON0 equ 01Fh ;# 
   204                           opt subtitle "HI-TECH Software Omniscient Code Generator (Lite mode) build 49521"
   205  0081                     OPTION_REG equ 081h ;# 
   206                           opt subtitle "HI-TECH Software Omniscient Code Generator (Lite mode) build 49521"
   207  0085                     TRISA equ 085h ;# 
   208                           opt subtitle "HI-TECH Software Omniscient Code Generator (Lite mode) build 49521"
   209  0086                     TRISB equ 086h ;# 
   210                           opt subtitle "HI-TECH Software Omniscient Code Generator (Lite mode) build 49521"
   211  008C                     PIE1 equ 08Ch ;# 
   212                           opt subtitle "HI-TECH Software Omniscient Code Generator (Lite mode) build 49521"
   213  008D                     PIE2 equ 08Dh ;# 
   214                           opt subtitle "HI-TECH Software Omniscient Code Generator (Lite mode) build 49521"
   215  008E                     PCON equ 08Eh ;# 
   216                           opt subtitle "HI-TECH Software Omniscient Code Generator (Lite mode) build 49521"
   217  008F                     OSCCON equ 08Fh ;# 
   218                           opt subtitle "HI-TECH Software Omniscient Code Generator (Lite mode) build 49521"
   219  0090                     OSCTUNE equ 090h ;# 
   220                           opt subtitle "HI-TECH Software Omniscient Code Generator (Lite mode) build 49521"
   221  0092                     PR2 equ 092h ;# 
   222                           opt subtitle "HI-TECH Software Omniscient Code Generator (Lite mode) build 49521"
   223  0093                     SSPADD equ 093h ;# 
   224                           opt subtitle "HI-TECH Software Omniscient Code Generator (Lite mode) build 49521"
   225  0094                     SSPSTAT equ 094h ;# 
   226                           opt subtitle "HI-TECH Software Omniscient Code Generator (Lite mode) build 49521"
   227  0098                     TXSTA equ 098h ;# 
   228                           opt subtitle "HI-TECH Software Omniscient Code Generator (Lite mode) build 49521"
   229  0099                     SPBRG equ 099h ;# 
   230                           opt subtitle "HI-TECH Software Omniscient Code Generator (Lite mode) build 49521"
   231  009B                     ANSEL equ 09Bh ;# 
   232                           opt subtitle "HI-TECH Software Omniscient Code Generator (Lite mode) build 49521"
   233  009C                     CMCON equ 09Ch ;# 
   234                           opt subtitle "HI-TECH Software Omniscient Code Generator (Lite mode) build 49521"
   235  009D                     CVRCON equ 09Dh ;# 
   236                           opt subtitle "HI-TECH Software Omniscient Code Generator (Lite mode) build 49521"
   237  009E                     ADRESL equ 09Eh ;# 
   238                           opt subtitle "HI-TECH Software Omniscient Code Generator (Lite mode) build 49521"
   239  009F                     ADCON1 equ 09Fh ;# 
   240                           opt subtitle "HI-TECH Software Omniscient Code Generator (Lite mode) build 49521"
   241  0105                     WDTCON equ 0105h ;# 
   242                           opt subtitle "HI-TECH Software Omniscient Code Generator (Lite mode) build 49521"
   243  010C                     EEDATA equ 010Ch ;# 
   244                           opt subtitle "HI-TECH Software Omniscient Code Generator (Lite mode) build 49521"
   245  010D                     EEADR equ 010Dh ;# 
   246                           opt subtitle "HI-TECH Software Omniscient Code Generator (Lite mode) build 49521"
   247  010E                     EEDATH equ 010Eh ;# 
   248                           opt subtitle "HI-TECH Software Omniscient Code Generator (Lite mode) build 49521"
   249  010F                     EEADRH equ 010Fh ;# 
   250                           opt subtitle "HI-TECH Software Omniscient Code Generator (Lite mode) build 49521"
   251  018C                     EECON1 equ 018Ch ;# 
   252                           opt subtitle "HI-TECH Software Omniscient Code Generator (Lite mode) build 49521"
   253  018D                     EECON2 equ 018Dh ;# 
   254                           opt subtitle "HI-TECH Software Omniscient Code Generator (Lite mode) build 49521"
   255                           
   256                           opt pagewidth 120
   257                           
   258                           	opt lm
   259                           
   260                           	processor	16F88
   261                           clrc	macro
   262                           	bcf	3,0
   263                           	endm
   264                           clrz	macro
   265  000B                     _INTCONbits	set	0xB
   266                           opt subtitle "HI-TECH Software Omniscient Code Generator (Lite mode) build 49521"
   267  000C                     _PIR1bits	set	0xC
   268                           opt subtitle "HI-TECH Software Omniscient Code Generator (Lite mode) build 49521"
   269  0005                     _PORTAbits	set	0x5
   270                           opt subtitle "HI-TECH Software Omniscient Code Generator (Lite mode) build 49521"
   271  0010                     _T1CON	set	0x10
   272                           opt subtitle "HI-TECH Software Omniscient Code Generator (Lite mode) build 49521"
   273  000F                     _TMR1H	set	0xF
   274                           opt subtitle "HI-TECH Software Omniscient Code Generator (Lite mode) build 49521"
   275  000E                     _TMR1L	set	0xE
   276                           opt subtitle "HI-TECH Software Omniscient Code Generator (Lite mode) build 49521"
   277  009B                     _ANSEL	set	0x9B
   278                           opt subtitle "HI-TECH Software Omniscient Code Generator (Lite mode) build 49521"
   279  008C                     _PIE1bits	set	0x8C
   280                           opt subtitle "HI-TECH Software Omniscient Code Generator (Lite mode) build 49521"
   281  0085                     _TRISA	set	0x85
   282                           opt subtitle "HI-TECH Software Omniscient Code Generator (Lite mode) build 49521"
   283  0086                     _TRISB	set	0x86
   284                           opt subtitle "HI-TECH Software Omniscient Code Generator (Lite mode) build 49521"
   285                           
   286  0000                     __ptext198:	;psect for function _tick_update
   287                           opt subtitle "HI-TECH Software Omniscient Code Generator (Lite mode) build 49521"
   288                           
   289  0000                     __CFG_BOREN$OFF equ 0x0
   290                           opt subtitle "HI-TECH Software Omniscient Code Generator (Lite mode) build 49521"
   291  0000                     __CFG_CPD$OFF equ 0x0
   292                           opt subtitle "HI-TECH Software Omniscient Code Generator (Lite mode) build 49521"
   293  0000                     __CFG_CCPMX$RB0 equ 0x0
   294                           opt subtitle "HI-TECH Software Omniscient Code Generator (Lite mode) build 49521"
   295  0000                     __CFG_WRT$OFF equ 0x0
   296                           opt subtitle "HI-TECH Software Omniscient Code Generator (Lite mode) build 49521"
   297  0000                     __CFG_FOSC$XT equ 0x0
   298                           opt subtitle "HI-TECH Software Omniscient Code Generator (Lite mode) build 49521"
   299  0000                     __CFG_MCLRE$ON equ 0x0
   300                           opt subtitle "HI-TECH Software Omniscient Code Generator (Lite mode) build 49521"
   301  0000                     __CFG_WDTE$OFF equ 0x0
   302                           opt subtitle "HI-TECH Software Omniscient Code Generator (Lite mode) build 49521"
   303  0000                     __CFG_CP$OFF equ 0x0
   304                           opt subtitle "HI-TECH Software Omniscient Code Generator (Lite mode) build 49521"
   305  0000                     __CFG_LVP$OFF equ 0x0
   306                           opt subtitle "HI-TECH Software Omniscient Code Generator (Lite mode) build 49521"
   307  0000                     __CFG_PWRTE$OFF equ 0x0
   308                           opt subtitle "HI-TECH Software Omniscient Code Generator (Lite mode) build 49521"
   309  0000                     __CFG_IESO$OFF equ 0x0
   310                           opt subtitle "HI-TECH Software Omniscient Code Generator (Lite mode) build 49521"
   311  0000                     __CFG_FCMEN$OFF equ 0x0
   312                           opt subtitle "HI-TECH Software Omniscient Code Generator (Lite mode) build 49521"
   313                           
   314                           opt pagewidth 120
   315                           
   316  00EA                     start_initialization:
   317                           opt subtitle "HI-TECH Software Omniscient Code Generator (Lite mode) build 49521"
   318                           
   319  00EA                     __initialization:
   320                           opt subtitle "HI-TECH Software Omniscient Code Generator (Lite mode) build 49521"
   321                           
   322  0075                     __pbssCOMMON:
   323  0075                     _tickcnt:
   324  0075                            ds      4
   325                           opt subtitle "HI-TECH Software Omniscient Code Generator (Lite mode) build 49521"
   326                           
   327                           opt pagewidth 120
   328  002C                     __pbssBANK0:
   329  002C                     _tickbuffer:
   330  002C                            ds      6
   331                           opt subtitle "HI-TECH Software Omniscient Code Generator (Lite mode) build 49521"
   332                           
   333                           opt pagewidth 120
   334  00EA  01F5               	clrf	((__pbssCOMMON)+0)&07Fh
   335  00EB  01F6               	clrf	((__pbssCOMMON)+1)&07Fh
   336  00EC  01F7               	clrf	((__pbssCOMMON)+2)&07Fh
   337  00ED  01F8               	clrf	((__pbssCOMMON)+3)&07Fh
   338                           opt subtitle "HI-TECH Software Omniscient Code Generator (Lite mode) build 49521"
   339                           
   340  00EE  01AC               	clrf	((__pbssBANK0)+0)&07Fh
   341  00EF  01AD               	clrf	((__pbssBANK0)+1)&07Fh
   342  00F0  01AE               	clrf	((__pbssBANK0)+2)&07Fh
   343  00F1  01AF               	clrf	((__pbssBANK0)+3)&07Fh
   344  00F2  01B0               	clrf	((__pbssBANK0)+4)&07Fh
   345  00F3  01B1               	clrf	((__pbssBANK0)+5)&07Fh
   346                           opt subtitle "HI-TECH Software Omniscient Code Generator (Lite mode) build 49521"
   347                           
   348                           opt pagewidth 120
   349                           
   350                           	opt lm
   351  00F4                     end_of_initialization:
   352  00F4                     __end_of__initialization:clrf status
      + 00F4  0183               	clrf	3
   353  00F5  118A  2813         ljmp _main	;jump to C main() function
   354                           opt subtitle "HI-TECH Software Omniscient Code Generator (Lite mode) build 49521"
   355                           
   356  0070                     __pcstackCOMMON:
   357  0070                     ?_tick_init:	; 0 bytes @ 0x0
   358  0070                     ?_tick_update:	; 0 bytes @ 0x0
   359  0070                     ??_tick_update:	; 0 bytes @ 0x0
   360  0070                     ?_tick_read_internal:	; 0 bytes @ 0x0
   361  0070                     ?_main:	; 0 bytes @ 0x0
   362  0070                     ?_isr:	; 0 bytes @ 0x0
   363  0070                     ??_isr:	; 0 bytes @ 0x0
   364  0070                     	ds	4
   365  0074                     ??_tick_init:	; 0 bytes @ 0x4
   366  0074                     ??_tick_read_internal:	; 0 bytes @ 0x4
   367  0074                     	ds	1
   368  0075                     ??_tick_get:	; 0 bytes @ 0x5
   369                           opt subtitle "HI-TECH Software Omniscient Code Generator (Lite mode) build 49521"
   370                           
   371  0020                     __pcstackBANK0:
   372                           opt subtitle "HI-TECH Software Omniscient Code Generator (Lite mode) build 49521"
   373  0020                     ?_tick_get:	; 4 bytes @ 0x0
   374  0020                     	ds	4
   375  0024                     ??_main:	; 0 bytes @ 0x4
   376  0024                     	ds	4
   377                           opt subtitle "HI-TECH Software Omniscient Code Generator (Lite mode) build 49521"
   378  0028                     main@last_time:	; 4 bytes @ 0x8
   379  0028                     	ds	4
   380                           opt subtitle "HI-TECH Software Omniscient Code Generator (Lite mode) build 49521"
   381                           
   382                           opt pagewidth 120
   383                           
   384                           	opt lm
   385                           
   386                           	processor	16F88
   387                           clrc	macro
   388                           	bcf	3,0
   389                           	endm
   390                           clrz	macro
   391                           	bcf	3,2
   392                           	endm
   393                           setc	macro
   394                           	bsf	3,0
   395                           	endm
   396                           setz	macro
   397                           	bsf	3,2
   398                           	endm
   399                           skipc	macro
   400                           	btfss	3,0
   401                           	endm
   402                           skipz	macro
   403                           	btfss	3,2
   404                           	endm
   405                           skipnc	macro
   406                           	btfsc	3,0
   407                           	endm
   408                           skipnz	macro
   409                           	btfsc	3,2
   410                           	endm
   411                           indf	equ	0
   412                           indf0	equ	0
   413                           pc	equ	2
   414                           pcl	equ	2
   415                           status	equ	3
   416                           fsr	equ	4
   417                           fsr0	equ	4
   418                           c	equ	1
   419                           z	equ	0
   420                           pclath	equ	10
   421                           # 46 "C:\Program Files (x86)\Microchip\xc8\v1.12\include\pic16f88.h"
   422                           INDF equ 00h ;# 
   423                           # 52 "C:\Program Files (x86)\Microchip\xc8\v1.12\include\pic16f88.h"
   424                           TMR0 equ 01h ;# 
   425                           # 58 "C:\Program Files (x86)\Microchip\xc8\v1.12\include\pic16f88.h"
   426                           PCL equ 02h ;# 
   427                           # 64 "C:\Program Files (x86)\Microchip\xc8\v1.12\include\pic16f88.h"
   428                           STATUS equ 03h ;# 
   429                           # 151 "C:\Program Files (x86)\Microchip\xc8\v1.12\include\pic16f88.h"
   430                           FSR equ 04h ;# 
   431                           # 157 "C:\Program Files (x86)\Microchip\xc8\v1.12\include\pic16f88.h"
   432                           PORTA equ 05h ;# 
   433                           # 218 "C:\Program Files (x86)\Microchip\xc8\v1.12\include\pic16f88.h"
   434                           PORTB equ 06h ;# 
   435                           # 279 "C:\Program Files (x86)\Microchip\xc8\v1.12\include\pic16f88.h"
   436                           PCLATH equ 0Ah ;# 
   437                           # 298 "C:\Program Files (x86)\Microchip\xc8\v1.12\include\pic16f88.h"
   438                           INTCON equ 0Bh ;# 
   439                           # 375 "C:\Program Files (x86)\Microchip\xc8\v1.12\include\pic16f88.h"
   440                           PIR1 equ 0Ch ;# 
   441                           # 430 "C:\Program Files (x86)\Microchip\xc8\v1.12\include\pic16f88.h"
   442                           PIR2 equ 0Dh ;# 
   443                           # 463 "C:\Program Files (x86)\Microchip\xc8\v1.12\include\pic16f88.h"
   444                           TMR1 equ 0Eh ;# 
   445                           # 469 "C:\Program Files (x86)\Microchip\xc8\v1.12\include\pic16f88.h"
   446                           TMR1L equ 0Eh ;# 
   447                           # 475 "C:\Program Files (x86)\Microchip\xc8\v1.12\include\pic16f88.h"
   448                           TMR1H equ 0Fh ;# 
   449                           # 481 "C:\Program Files (x86)\Microchip\xc8\v1.12\include\pic16f88.h"
   450                           T1CON equ 010h ;# 
   451                           # 552 "C:\Program Files (x86)\Microchip\xc8\v1.12\include\pic16f88.h"
   452                           TMR2 equ 011h ;# 
   453                           # 558 "C:\Program Files (x86)\Microchip\xc8\v1.12\include\pic16f88.h"
   454                           T2CON equ 012h ;# 
   455                           # 628 "C:\Program Files (x86)\Microchip\xc8\v1.12\include\pic16f88.h"
   456                           SSPBUF equ 013h ;# 
   457                           # 634 "C:\Program Files (x86)\Microchip\xc8\v1.12\include\pic16f88.h"
   458                           SSPCON equ 014h ;# 
   459                           # 703 "C:\Program Files (x86)\Microchip\xc8\v1.12\include\pic16f88.h"
   460                           CCPR1 equ 015h ;# 
   461                           # 709 "C:\Program Files (x86)\Microchip\xc8\v1.12\include\pic16f88.h"
   462                           CCPR1L equ 015h ;# 
   463                           # 715 "C:\Program Files (x86)\Microchip\xc8\v1.12\include\pic16f88.h"
   464                           CCPR1H equ 016h ;# 
   465                           # 721 "C:\Program Files (x86)\Microchip\xc8\v1.12\include\pic16f88.h"
   466                           CCP1CON equ 017h ;# 
   467                           # 778 "C:\Program Files (x86)\Microchip\xc8\v1.12\include\pic16f88.h"
   468                           RCSTA equ 018h ;# 
   469                           # 872 "C:\Program Files (x86)\Microchip\xc8\v1.12\include\pic16f88.h"
   470                           TXREG equ 019h ;# 
   471                           # 878 "C:\Program Files (x86)\Microchip\xc8\v1.12\include\pic16f88.h"
   472                           RCREG equ 01Ah ;# 
   473                           # 884 "C:\Program Files (x86)\Microchip\xc8\v1.12\include\pic16f88.h"
   474                           ADRESH equ 01Eh ;# 
   475                           # 890 "C:\Program Files (x86)\Microchip\xc8\v1.12\include\pic16f88.h"
   476                           ADCON0 equ 01Fh ;# 
   477                           # 985 "C:\Program Files (x86)\Microchip\xc8\v1.12\include\pic16f88.h"
   478                           OPTION_REG equ 081h ;# 
   479                           # 1054 "C:\Program Files (x86)\Microchip\xc8\v1.12\include\pic16f88.h"
   480                           TRISA equ 085h ;# 
   481                           # 1115 "C:\Program Files (x86)\Microchip\xc8\v1.12\include\pic16f88.h"
   482                           TRISB equ 086h ;# 
   483                           # 1176 "C:\Program Files (x86)\Microchip\xc8\v1.12\include\pic16f88.h"
   484                           PIE1 equ 08Ch ;# 
   485                           # 1231 "C:\Program Files (x86)\Microchip\xc8\v1.12\include\pic16f88.h"
   486                           PIE2 equ 08Dh ;# 
   487                           # 1264 "C:\Program Files (x86)\Microchip\xc8\v1.12\include\pic16f88.h"
   488                           PCON equ 08Eh ;# 
   489                           # 1297 "C:\Program Files (x86)\Microchip\xc8\v1.12\include\pic16f88.h"
   490                           OSCCON equ 08Fh ;# 
   491                           # 1367 "C:\Program Files (x86)\Microchip\xc8\v1.12\include\pic16f88.h"
   492                           OSCTUNE equ 090h ;# 
   493                           # 1424 "C:\Program Files (x86)\Microchip\xc8\v1.12\include\pic16f88.h"
   494                           PR2 equ 092h ;# 
   495                           # 1430 "C:\Program Files (x86)\Microchip\xc8\v1.12\include\pic16f88.h"
   496                           SSPADD equ 093h ;# 
   497                           # 1436 "C:\Program Files (x86)\Microchip\xc8\v1.12\include\pic16f88.h"
   498                           SSPSTAT equ 094h ;# 
   499                           # 1604 "C:\Program Files (x86)\Microchip\xc8\v1.12\include\pic16f88.h"
   500                           TXSTA equ 098h ;# 
   501                           # 1684 "C:\Program Files (x86)\Microchip\xc8\v1.12\include\pic16f88.h"
   502                           SPBRG equ 099h ;# 
   503                           # 1690 "C:\Program Files (x86)\Microchip\xc8\v1.12\include\pic16f88.h"
   504                           ANSEL equ 09Bh ;# 
   505                           # 1745 "C:\Program Files (x86)\Microchip\xc8\v1.12\include\pic16f88.h"
   506                           CMCON equ 09Ch ;# 
   507                           # 1814 "C:\Program Files (x86)\Microchip\xc8\v1.12\include\pic16f88.h"
   508                           CVRCON equ 09Dh ;# 
   509                           # 1878 "C:\Program Files (x86)\Microchip\xc8\v1.12\include\pic16f88.h"
   510                           ADRESL equ 09Eh ;# 
   511                           # 1884 "C:\Program Files (x86)\Microchip\xc8\v1.12\include\pic16f88.h"
   512                           ADCON1 equ 09Fh ;# 
   513                           # 1931 "C:\Program Files (x86)\Microchip\xc8\v1.12\include\pic16f88.h"
   514                           WDTCON equ 0105h ;# 
   515                           # 1988 "C:\Program Files (x86)\Microchip\xc8\v1.12\include\pic16f88.h"
   516                           EEDATA equ 010Ch ;# 
   517                           # 1994 "C:\Program Files (x86)\Microchip\xc8\v1.12\include\pic16f88.h"
   518                           EEADR equ 010Dh ;# 
   519                           # 2000 "C:\Program Files (x86)\Microchip\xc8\v1.12\include\pic16f88.h"
   520                           EEDATH equ 010Eh ;# 
   521                           # 2006 "C:\Program Files (x86)\Microchip\xc8\v1.12\include\pic16f88.h"
   522                           EEADRH equ 010Fh ;# 
   523                           # 2012 "C:\Program Files (x86)\Microchip\xc8\v1.12\include\pic16f88.h"
   524                           EECON1 equ 018Ch ;# 
   525                           # 2062 "C:\Program Files (x86)\Microchip\xc8\v1.12\include\pic16f88.h"
   526                           EECON2 equ 018Dh ;# 
   527                           # 46 "C:\Program Files (x86)\Microchip\xc8\v1.12\include\pic16f88.h"
   528                           INDF equ 00h ;# 
   529                           # 52 "C:\Program Files (x86)\Microchip\xc8\v1.12\include\pic16f88.h"
   530                           TMR0 equ 01h ;# 
   531                           # 58 "C:\Program Files (x86)\Microchip\xc8\v1.12\include\pic16f88.h"
   532                           PCL equ 02h ;# 
   533                           # 64 "C:\Program Files (x86)\Microchip\xc8\v1.12\include\pic16f88.h"
   534                           STATUS equ 03h ;# 
   535                           # 151 "C:\Program Files (x86)\Microchip\xc8\v1.12\include\pic16f88.h"
   536                           FSR equ 04h ;# 
   537                           # 157 "C:\Program Files (x86)\Microchip\xc8\v1.12\include\pic16f88.h"
   538                           PORTA equ 05h ;# 
   539                           # 218 "C:\Program Files (x86)\Microchip\xc8\v1.12\include\pic16f88.h"
   540                           PORTB equ 06h ;# 
   541                           # 279 "C:\Program Files (x86)\Microchip\xc8\v1.12\include\pic16f88.h"
   542                           PCLATH equ 0Ah ;# 
   543                           # 298 "C:\Program Files (x86)\Microchip\xc8\v1.12\include\pic16f88.h"
   544                           INTCON equ 0Bh ;# 
   545                           # 375 "C:\Program Files (x86)\Microchip\xc8\v1.12\include\pic16f88.h"
   546                           PIR1 equ 0Ch ;# 
   547                           # 430 "C:\Program Files (x86)\Microchip\xc8\v1.12\include\pic16f88.h"
   548                           PIR2 equ 0Dh ;# 
   549                           # 463 "C:\Program Files (x86)\Microchip\xc8\v1.12\include\pic16f88.h"
   550                           TMR1 equ 0Eh ;# 
   551                           # 469 "C:\Program Files (x86)\Microchip\xc8\v1.12\include\pic16f88.h"
   552                           TMR1L equ 0Eh ;# 
   553                           # 475 "C:\Program Files (x86)\Microchip\xc8\v1.12\include\pic16f88.h"
   554  0013                     __pmaintext:	;psect for function _main
   555                           opt subtitle "HI-TECH Software Omniscient Code Generator (Lite mode) build 49521"
   556                           
   557                           opt pagewidth 120
   558                           
   559  006A                     	__size_of_main	equ	__end_of_main-_main
   560                           opt subtitle "HI-TECH Software Omniscient Code Generator (Lite mode) build 49521"
   561  0013                     _main:	
   562                           opt subtitle "HI-TECH Software Omniscient Code Generator (Lite mode) build 49521"
   563                           
   564                           opt pagewidth 120
   565                           
   566  0013                     l597:	
   567                           opt subtitle "HI-TECH Software Omniscient Code Generator (Lite mode) build 49521"
   568  0013  1683               	bsf	status, 5	;RP0=1, select bank1
   569  0014  1303               	bcf	status, 6	;RP1=0, select bank1
   570  0015  019B               	clrf	(155)^080h	;volatile
   571                           opt subtitle "HI-TECH Software Omniscient Code Generator (Lite mode) build 49521"
   572                           
   573  0016                     l599:	
   574                           opt subtitle "HI-TECH Software Omniscient Code Generator (Lite mode) build 49521"
   575  0016  30FE               	movlw	(0FEh)
   576  0017  0085               	movwf	(133)^080h	;volatile
   577                           opt subtitle "HI-TECH Software Omniscient Code Generator (Lite mode) build 49521"
   578                           
   579  0018                     l601:	
   580                           opt subtitle "HI-TECH Software Omniscient Code Generator (Lite mode) build 49521"
   581  0018  30FF               	movlw	(0FFh)
   582  0019  0086               	movwf	(134)^080h	;volatile
   583                           opt subtitle "HI-TECH Software Omniscient Code Generator (Lite mode) build 49521"
   584                           
   585  001A                     l603:	
   586                           opt subtitle "HI-TECH Software Omniscient Code Generator (Lite mode) build 49521"
   587  001A  3000               	movlw	0
   588  001B  1283               	bcf	status, 5	;RP0=0, select bank0
   589  001C  1303               	bcf	status, 6	;RP1=0, select bank0
   590  001D  00AB               	movwf	(main@last_time+3)
   591  001E  3000               	movlw	0
   592  001F  00AA               	movwf	(main@last_time+2)
   593  0020  3000               	movlw	0
   594  0021  00A9               	movwf	(main@last_time+1)
   595  0022  3000               	movlw	0
   596  0023  00A8               	movwf	(main@last_time)
   597                           opt subtitle "HI-TECH Software Omniscient Code Generator (Lite mode) build 49521"
   598                           
   599                           opt pagewidth 120
   600  0024                     l605:	
   601                           opt subtitle "HI-TECH Software Omniscient Code Generator (Lite mode) build 49521"
   602  0024  118A  20CA  118A   	fcall	_tick_init
   603  0027  2828               	goto	l607
   604                           opt subtitle "HI-TECH Software Omniscient Code Generator (Lite mode) build 49521"
   605                           
   606                           opt pagewidth 120
   607  0028                     l17:	
   608                           opt subtitle "HI-TECH Software Omniscient Code Generator (Lite mode) build 49521"
   609                           
   610  0028                     l607:	
   611                           opt subtitle "HI-TECH Software Omniscient Code Generator (Lite mode) build 49521"
   612  0028  1283               	bcf	status, 5	;RP0=0, select bank0
   613  0029  1303               	bcf	status, 6	;RP1=0, select bank0
   614  002A  0928               	comf	(main@last_time),w
   615  002B  00A4               	movwf	(??_main+0)+0
   616  002C  0929               	comf	(main@last_time+1),w
   617  002D  00A5               	movwf	((??_main+0)+0+1)
   618  002E  092A               	comf	(main@last_time+2),w
   619  002F  00A6               	movwf	((??_main+0)+0+2)
   620  0030  092B               	comf	(main@last_time+3),w
   621  0031  00A7               	movwf	((??_main+0)+0+3)
   622  0032  0AA4               	incf	(??_main+0)+0,f
   623  0033  1903               	skipnz
   624  0034  0AA5               	incf	((??_main+0)+0+1),f
   625  0035  1903               	skipnz
   626  0036  0AA6               	incf	((??_main+0)+0+2),f
   627  0037  1903               	skipnz
   628  0038  0AA7               	incf	((??_main+0)+0+3),f
   629  0039  118A  20B5  118A   	fcall	_tick_get
   630  003C  1283               	bcf	status, 5	;RP0=0, select bank0
   631  003D  1303               	bcf	status, 6	;RP1=0, select bank0
   632  003E  0820               	movf	(0+(?_tick_get)),w
   633  003F  07A4               	addwf	(??_main+0)+0,f
   634  0040  0821               	movf	(1+(?_tick_get)),w
   635  0041  1803               	skipnc
   636  0042  0F21               	incfsz	(1+(?_tick_get)),w
   637  0043  2845               	goto	u80
   638  0044  2846               	goto	u81
   639  0045                     u80:
   640  0045  07A5               	addwf	(??_main+0)+1,f
   641  0046                     u81:
   642  0046  0822               	movf	(2+(?_tick_get)),w
   643  0047  1803               	skipnc
   644  0048  0F22               	incfsz	(2+(?_tick_get)),w
   645  0049  284B               	goto	u82
   646  004A  284C               	goto	u83
   647  004B                     u82:
   648  004B  07A6               	addwf	(??_main+0)+2,f
   649  004C                     u83:
   650  004C  0823               	movf	(3+(?_tick_get)),w
   651  004D  1803               	skipnc
   652  004E  0A23               	incf	(3+(?_tick_get)),w
   653  004F  07A7               	addwf	(??_main+0)+3,f
   654  0050  3000               	movlw	0
   655  0051  0227               	subwf	3+(??_main+0)+0,w
   656  0052  1D03               	skipz
   657  0053  285E               	goto	u95
   658  0054  3000               	movlw	0
   659  0055  0226               	subwf	2+(??_main+0)+0,w
   660  0056  1D03               	skipz
   661  0057  285E               	goto	u95
   662  0058  30F4               	movlw	0F4h
   663  0059  0225               	subwf	1+(??_main+0)+0,w
   664  005A  1D03               	skipz
   665  005B  285E               	goto	u95
   666  005C  302C               	movlw	02Ch
   667  005D  0224               	subwf	0+(??_main+0)+0,w
   668  005E                     u95:
   669  005E  1C03               	skipc
   670  005F  2861               	goto	u91
   671  0060  2862               	goto	u90
   672  0061                     u91:
   673  0061  2828               	goto	l607
   674  0062                     u90:
   675                           opt subtitle "HI-TECH Software Omniscient Code Generator (Lite mode) build 49521"
   676                           
   677  0062                     l609:	
   678                           opt subtitle "HI-TECH Software Omniscient Code Generator (Lite mode) build 49521"
   679  0062  118A  20B5  118A   	fcall	_tick_get
   680  0065  1283               	bcf	status, 5	;RP0=0, select bank0
   681  0066  1303               	bcf	status, 6	;RP1=0, select bank0
   682  0067  0823               	movf	(3+(?_tick_get)),w
   683  0068  00AB               	movwf	(main@last_time+3)
   684  0069  0822               	movf	(2+(?_tick_get)),w
   685  006A  00AA               	movwf	(main@last_time+2)
   686  006B  0821               	movf	(1+(?_tick_get)),w
   687  006C  00A9               	movwf	(main@last_time+1)
   688  006D  0820               	movf	(0+(?_tick_get)),w
   689  006E  00A8               	movwf	(main@last_time)
   690                           opt subtitle "HI-TECH Software Omniscient Code Generator (Lite mode) build 49521"
   691                           
   692                           opt pagewidth 120
   693  006F                     l611:	
   694                           opt subtitle "HI-TECH Software Omniscient Code Generator (Lite mode) build 49521"
   695  006F  0805               	movf	(5),w	;volatile
   696  0070  3901               	andlw	(1<<1)-1
   697  0071  00A4               	movwf	((??_main+0)+0)
   698  0072  3001               	movlw	low(01h)
   699  0073  06A4               	xorwf	(??_main+0)+0,f
   700  0074  0805               	movf	(5),w	;volatile
   701  0075  0624               	xorwf	((??_main+0)+0),w
   702  0076  39FE               	andlw	not ((1<<1)-1)
   703  0077  0624               	xorwf	((??_main+0)+0),w
   704  0078  0085               	movwf	(5)	;volatile
   705  0079  2828               	goto	l607
   706                           opt subtitle "HI-TECH Software Omniscient Code Generator (Lite mode) build 49521"
   707                           
   708  007A                     l18:	
   709                           opt subtitle "HI-TECH Software Omniscient Code Generator (Lite mode) build 49521"
   710                           
   711                           opt pagewidth 120
   712  007A  2828               	goto	l607
   713                           opt subtitle "HI-TECH Software Omniscient Code Generator (Lite mode) build 49521"
   714  007B                     l19:	
   715                           opt subtitle "HI-TECH Software Omniscient Code Generator (Lite mode) build 49521"
   716                           
   717  007B                     l20:	
   718                           opt subtitle "HI-TECH Software Omniscient Code Generator (Lite mode) build 49521"
   719  007B  118A  2811         	ljmp	start
   720                           opt subtitle "HI-TECH Software Omniscient Code Generator (Lite mode) build 49521"
   721                           
   722  007D                     	__end_of_main:
   723                           opt subtitle "HI-TECH Software Omniscient Code Generator (Lite mode) build 49521"
   724                           
   725                           opt pagewidth 120
   726                           
   727                           	opt lm
   728                           
   729                           	processor	16F88
   730                           clrc	macro
   731                           	bcf	3,0
   732                           	endm
   733                           clrz	macro
   734                           	bcf	3,2
   735                           	endm
   736                           setc	macro
   737                           	bsf	3,0
   738                           	endm
   739                           setz	macro
   740                           	bsf	3,2
   741                           	endm
   742                           skipc	macro
   743                           	btfss	3,0
   744                           	endm
   745                           skipz	macro
   746                           	btfss	3,2
   747                           	endm
   748                           skipnc	macro
   749                           	btfsc	3,0
   750                           	endm
   751                           skipnz	macro
   752                           	btfsc	3,2
   753                           	endm
   754                           indf	equ	0
   755                           indf0	equ	0
   756                           pc	equ	2
   757  00CA                     __ptext199:	;psect for function _tick_init
   758                           opt subtitle "HI-TECH Software Omniscient Code Generator (Lite mode) build 49521"
   759                           
   760                           opt pagewidth 120
   761                           
   762  0010                     	__size_of_tick_init	equ	__end_of_tick_init-_tick_init
   763                           opt subtitle "HI-TECH Software Omniscient Code Generator (Lite mode) build 49521"
   764  00CA                     _tick_init:	
   765                           opt subtitle "HI-TECH Software Omniscient Code Generator (Lite mode) build 49521"
   766                           
   767                           opt pagewidth 120
   768                           
   769  00CA                     l575:	
   770                           opt subtitle "HI-TECH Software Omniscient Code Generator (Lite mode) build 49521"
   771  00CA  1283               	bcf	status, 5	;RP0=0, select bank0
   772  00CB  1303               	bcf	status, 6	;RP1=0, select bank0
   773  00CC  0190               	clrf	(16)	;volatile
   774                           opt subtitle "HI-TECH Software Omniscient Code Generator (Lite mode) build 49521"
   775                           
   776  00CD  018E               	clrf	(14)	;volatile
   777                           opt subtitle "HI-TECH Software Omniscient Code Generator (Lite mode) build 49521"
   778                           
   779  00CE  018F               	clrf	(15)	;volatile
   780                           opt subtitle "HI-TECH Software Omniscient Code Generator (Lite mode) build 49521"
   781                           
   782  00CF                     l577:	
   783                           opt subtitle "HI-TECH Software Omniscient Code Generator (Lite mode) build 49521"
   784  00CF  100C               	bcf	(12),0	;volatile
   785                           opt subtitle "HI-TECH Software Omniscient Code Generator (Lite mode) build 49521"
   786                           
   787  00D0                     l579:	
   788                           opt subtitle "HI-TECH Software Omniscient Code Generator (Lite mode) build 49521"
   789  00D0  1683               	bsf	status, 5	;RP0=1, select bank1
   790  00D1  1303               	bcf	status, 6	;RP1=0, select bank1
   791  00D2  140C               	bsf	(140)^080h,0	;volatile
   792                           opt subtitle "HI-TECH Software Omniscient Code Generator (Lite mode) build 49521"
   793                           
   794  00D3                     l581:	
   795                           opt subtitle "HI-TECH Software Omniscient Code Generator (Lite mode) build 49521"
   796  00D3  178B               	bsf	(11),7	;volatile
   797                           opt subtitle "HI-TECH Software Omniscient Code Generator (Lite mode) build 49521"
   798                           
   799  00D4                     l583:	
   800                           opt subtitle "HI-TECH Software Omniscient Code Generator (Lite mode) build 49521"
   801  00D4  170B               	bsf	(11),6	;volatile
   802                           opt subtitle "HI-TECH Software Omniscient Code Generator (Lite mode) build 49521"
   803                           
   804  00D5                     l585:	
   805                           opt subtitle "HI-TECH Software Omniscient Code Generator (Lite mode) build 49521"
   806  00D5  3031               	movlw	(031h)
   807  00D6  1283               	bcf	status, 5	;RP0=0, select bank0
   808  00D7  1303               	bcf	status, 6	;RP1=0, select bank0
   809  00D8  0090               	movwf	(16)	;volatile
   810                           opt subtitle "HI-TECH Software Omniscient Code Generator (Lite mode) build 49521"
   811                           
   812  00D9                     l44:	
   813  00D9  0008               	return
   814                           opt subtitle "HI-TECH Software Omniscient Code Generator (Lite mode) build 49521"
   815                           
   816  00DA                     	__end_of_tick_init:
   817                           opt subtitle "HI-TECH Software Omniscient Code Generator (Lite mode) build 49521"
   818                           
   819                           opt pagewidth 120
   820                           
   821                           	opt lm
   822                           
   823                           	processor	16F88
   824                           clrc	macro
   825                           	bcf	3,0
   826                           	endm
   827                           clrz	macro
   828                           	bcf	3,2
   829                           	endm
   830                           setc	macro
   831                           	bsf	3,0
   832                           	endm
   833                           setz	macro
   834                           	bsf	3,2
   835                           	endm
   836                           skipc	macro
   837                           	btfss	3,0
   838                           	endm
   839                           skipz	macro
   840                           	btfss	3,2
   841                           	endm
   842                           skipnc	macro
   843                           	btfsc	3,0
   844                           	endm
   845                           skipnz	macro
   846                           	btfsc	3,2
   847                           	endm
   848                           indf	equ	0
   849                           indf0	equ	0
   850                           pc	equ	2
   851  00B5                     __ptext200:	;psect for function _tick_get
   852                           opt subtitle "HI-TECH Software Omniscient Code Generator (Lite mode) build 49521"
   853                           
   854                           opt pagewidth 120
   855                           
   856  0015                     	__size_of_tick_get	equ	__end_of_tick_get-_tick_get
   857                           opt subtitle "HI-TECH Software Omniscient Code Generator (Lite mode) build 49521"
   858  00B5                     _tick_get:	
   859                           opt subtitle "HI-TECH Software Omniscient Code Generator (Lite mode) build 49521"
   860                           
   861                           opt pagewidth 120
   862                           
   863  00B5                     l613:	
   864                           opt subtitle "HI-TECH Software Omniscient Code Generator (Lite mode) build 49521"
   865  00B5  118A  207D  118A   	fcall	_tick_read_internal
   866                           opt subtitle "HI-TECH Software Omniscient Code Generator (Lite mode) build 49521"
   867                           
   868  00B8                     l615:	
   869                           opt subtitle "HI-TECH Software Omniscient Code Generator (Lite mode) build 49521"
   870  00B8  302C               	movlw	low(_tickbuffer)
   871  00B9  0084               	movwf	fsr0
   872  00BA  1383               	bcf	status, 7	;select IRP bank0
   873  00BB  0800               	movf	indf,w
   874  00BC  1283               	bcf	status, 5	;RP0=0, select bank0
   875  00BD  1303               	bcf	status, 6	;RP1=0, select bank0
   876  00BE  00A0               	movwf	(?_tick_get)
   877  00BF  0A84               	incf	fsr0,f
   878  00C0  0800               	movf	indf,w
   879  00C1  00A1               	movwf	(?_tick_get+1)
   880  00C2  0A84               	incf	fsr0,f
   881  00C3  0800               	movf	indf,w
   882  00C4  00A2               	movwf	(?_tick_get+2)
   883  00C5  0A84               	incf	fsr0,f
   884  00C6  0800               	movf	indf,w
   885  00C7  00A3               	movwf	(?_tick_get+3)
   886  00C8  28C9               	goto	l47
   887                           opt subtitle "HI-TECH Software Omniscient Code Generator (Lite mode) build 49521"
   888  00C9                     l617:	
   889                           opt subtitle "HI-TECH Software Omniscient Code Generator (Lite mode) build 49521"
   890                           
   891  00C9                     l47:	
   892  00C9  0008               	return
   893                           opt subtitle "HI-TECH Software Omniscient Code Generator (Lite mode) build 49521"
   894                           
   895  00CA                     	__end_of_tick_get:
   896                           opt subtitle "HI-TECH Software Omniscient Code Generator (Lite mode) build 49521"
   897                           
   898                           opt pagewidth 120
   899                           
   900                           	opt lm
   901                           
   902                           	processor	16F88
   903                           clrc	macro
   904                           	bcf	3,0
   905                           	endm
   906                           clrz	macro
   907                           	bcf	3,2
   908                           	endm
   909                           setc	macro
   910                           	bsf	3,0
   911                           	endm
   912                           setz	macro
   913                           	bsf	3,2
   914                           	endm
   915                           skipc	macro
   916                           	btfss	3,0
   917                           	endm
   918                           skipz	macro
   919                           	btfss	3,2
   920                           	endm
   921                           skipnc	macro
   922                           	btfsc	3,0
   923                           	endm
   924                           skipnz	macro
   925                           	btfsc	3,2
   926                           	endm
   927                           indf	equ	0
   928                           indf0	equ	0
   929                           pc	equ	2
   930  007D                     __ptext201:	;psect for function _tick_read_internal
   931                           opt subtitle "HI-TECH Software Omniscient Code Generator (Lite mode) build 49521"
   932                           
   933                           opt pagewidth 120
   934                           
   935  0021                     	__size_of_tick_read_internal	equ	__end_of_tick_read_internal-_tick_read_internal
   936                           opt subtitle "HI-TECH Software Omniscient Code Generator (Lite mode) build 49521"
   937  007D                     _tick_read_internal:	
   938                           opt subtitle "HI-TECH Software Omniscient Code Generator (Lite mode) build 49521"
   939                           
   940                           opt pagewidth 120
   941                           
   942                           	opt lm
   943  007D                     l54:	
   944                           opt subtitle "HI-TECH Software Omniscient Code Generator (Lite mode) build 49521"
   945                           
   946  007D  1683               	bsf	status, 5	;RP0=1, select bank1
   947  007E  1303               	bcf	status, 6	;RP1=0, select bank1
   948  007F  140C               	bsf	(140)^080h,0	;volatile
   949                           opt subtitle "HI-TECH Software Omniscient Code Generator (Lite mode) build 49521"
   950                           
   951  0080  0000               nop ;# 
   952                           opt subtitle "HI-TECH Software Omniscient Code Generator (Lite mode) build 49521"
   953                           
   954                           opt pagewidth 120
   955  0081  1683               	bsf	status, 5	;RP0=1, select bank1
   956  0082  1303               	bcf	status, 6	;RP1=0, select bank1
   957  0083  100C               	bcf	(140)^080h,0	;volatile
   958                           opt subtitle "HI-TECH Software Omniscient Code Generator (Lite mode) build 49521"
   959                           
   960  0084                     l593:	
   961                           opt subtitle "HI-TECH Software Omniscient Code Generator (Lite mode) build 49521"
   962  0084  1283               	bcf	status, 5	;RP0=0, select bank0
   963  0085  1303               	bcf	status, 6	;RP1=0, select bank0
   964  0086  080E               	movf	(14),w	;volatile
   965  0087  00F4               	movwf	(??_tick_read_internal+0)+0
   966  0088  0874               	movf	(??_tick_read_internal+0)+0,w
   967  0089  00AC               	movwf	(_tickbuffer)
   968                           opt subtitle "HI-TECH Software Omniscient Code Generator (Lite mode) build 49521"
   969                           
   970  008A  080F               	movf	(15),w	;volatile
   971  008B  00F4               	movwf	(??_tick_read_internal+0)+0
   972  008C  0874               	movf	(??_tick_read_internal+0)+0,w
   973  008D  00AD               	movwf	0+(_tickbuffer)+01h
   974                           opt subtitle "HI-TECH Software Omniscient Code Generator (Lite mode) build 49521"
   975                           
   976  008E  0878               	movf	(_tickcnt+3),w	;volatile
   977  008F  00B1               	movwf	3+(_tickbuffer)+02h
   978  0090  0877               	movf	(_tickcnt+2),w	;volatile
   979  0091  00B0               	movwf	2+(_tickbuffer)+02h
   980  0092  0876               	movf	(_tickcnt+1),w	;volatile
   981  0093  00AF               	movwf	1+(_tickbuffer)+02h
   982  0094  0875               	movf	(_tickcnt),w	;volatile
   983  0095  00AE               	movwf	0+(_tickbuffer)+02h
   984                           opt subtitle "HI-TECH Software Omniscient Code Generator (Lite mode) build 49521"
   985                           
   986                           opt pagewidth 120
   987  0096                     l595:	
   988                           opt subtitle "HI-TECH Software Omniscient Code Generator (Lite mode) build 49521"
   989  0096  180C               	btfsc	(12),0	;volatile
   990  0097  2899               	goto	u71
   991  0098  289A               	goto	u70
   992  0099                     u71:
   993  0099  287D               	goto	l54
   994  009A                     u70:
   995                           opt subtitle "HI-TECH Software Omniscient Code Generator (Lite mode) build 49521"
   996  009A                     l55:	
   997                           opt subtitle "HI-TECH Software Omniscient Code Generator (Lite mode) build 49521"
   998                           
   999  009A  1683               	bsf	status, 5	;RP0=1, select bank1
  1000  009B  1303               	bcf	status, 6	;RP1=0, select bank1
  1001  009C  140C               	bsf	(140)^080h,0	;volatile
  1002                           opt subtitle "HI-TECH Software Omniscient Code Generator (Lite mode) build 49521"
  1003                           
  1004  009D                     l56:	
  1005  009D  0008               	return
  1006                           opt subtitle "HI-TECH Software Omniscient Code Generator (Lite mode) build 49521"
  1007                           
  1008  009E                     	__end_of_tick_read_internal:
  1009                           opt subtitle "HI-TECH Software Omniscient Code Generator (Lite mode) build 49521"
  1010                           
  1011                           opt pagewidth 120
  1012                           
  1013                           	opt lm
  1014                           
  1015                           	processor	16F88
  1016                           clrc	macro
  1017                           	bcf	3,0
  1018                           	endm
  1019                           clrz	macro
  1020                           	bcf	3,2
  1021                           	endm
  1022                           setc	macro
  1023                           	bsf	3,0
  1024                           	endm
  1025                           setz	macro
  1026                           	bsf	3,2
  1027                           	endm
  1028                           skipc	macro
  1029                           	btfss	3,0
  1030                           	endm
  1031                           skipz	macro
  1032                           	btfss	3,2
  1033                           	endm
  1034                           skipnc	macro
  1035                           	btfsc	3,0
  1036                           	endm
  1037                           skipnz	macro
  1038                           	btfsc	3,2
  1039                           	endm
  1040                           indf	equ	0
  1041                           indf0	equ	0
  1042                           pc	equ	2
  1043  00DA                     __ptext202:	;psect for function _isr
  1044                           opt subtitle "HI-TECH Software Omniscient Code Generator (Lite mode) build 49521"
  1045                           
  1046                           opt pagewidth 120
  1047                           
  1048  0010                     	__size_of_isr	equ	__end_of_isr-_isr
  1049                           opt subtitle "HI-TECH Software Omniscient Code Generator (Lite mode) build 49521"
  1050  00DA                     _isr:	
  1051                           opt subtitle "HI-TECH Software Omniscient Code Generator (Lite mode) build 49521"
  1052                           
  1053                           opt pagewidth 120
  1054                           
  1055  0004                     __pintentry:
  1056                           opt subtitle "HI-TECH Software Omniscient Code Generator (Lite mode) build 49521"
  1057  0004                     interrupt_function:
  1058                           opt subtitle "HI-TECH Software Omniscient Code Generator (Lite mode) build 49521"
  1059  007E                     	saved_w	set	btemp+0
  1060  0004  00FE               	movwf	saved_w
  1061  0005  0E03               	swapf	status,w
  1062  0006  00F0               	movwf	(??_isr+0)
  1063  0007  0804               	movf	fsr0,w
  1064  0008  00F1               	movwf	(??_isr+1)
  1065  0009  080A               	movf	pclath,w
  1066  000A  00F2               	movwf	(??_isr+2)
  1067  000B  1283               	bcf	status, 5	;RP0=0, select bank0
  1068  000C  1303               	bcf	status, 6	;RP1=0, select bank0
  1069  000D  087F               	movf	btemp+1,w
  1070  000E  00F3               	movwf	(??_isr+3)
  1071  000F  118A  28DA         	ljmp	_isr
  1072                           opt subtitle "HI-TECH Software Omniscient Code Generator (Lite mode) build 49521"
  1073                           
  1074                           opt pagewidth 120
  1075  00DA                     i1l557:	
  1076                           opt subtitle "HI-TECH Software Omniscient Code Generator (Lite mode) build 49521"
  1077  00DA  118A  209E  118A   	fcall	_tick_update
  1078                           opt subtitle "HI-TECH Software Omniscient Code Generator (Lite mode) build 49521"
  1079                           
  1080  00DD                     i1l23:	
  1081  00DD  0873               	movf	(??_isr+3),w
  1082  00DE  1283               	bcf	status, 5	;RP0=0, select bank0
  1083  00DF  1303               	bcf	status, 6	;RP1=0, select bank0
  1084  00E0  00FF               	movwf	btemp+1
  1085  00E1  0872               	movf	(??_isr+2),w
  1086  00E2  008A               	movwf	pclath
  1087  00E3  0871               	movf	(??_isr+1),w
  1088  00E4  0084               	movwf	fsr0
  1089  00E5  0E70               	swapf	(??_isr+0)^0FFFFFF80h,w
  1090  00E6  0083               	movwf	status
  1091  00E7  0EFE               	swapf	saved_w,f
  1092  00E8  0E7E               	swapf	saved_w,w
  1093  00E9  0009               	retfie
  1094                           opt subtitle "HI-TECH Software Omniscient Code Generator (Lite mode) build 49521"
  1095                           
  1096  00EA                     	__end_of_isr:
  1097                           opt subtitle "HI-TECH Software Omniscient Code Generator (Lite mode) build 49521"
  1098                           
  1099                           opt pagewidth 120
  1100                           
  1101                           	opt lm
  1102                           
  1103                           	processor	16F88
  1104                           clrc	macro
  1105                           	bcf	3,0
  1106                           	endm
  1107                           clrz	macro
  1108                           	bcf	3,2
  1109                           	endm
  1110                           setc	macro
  1111                           	bsf	3,0
  1112                           	endm
  1113                           setz	macro
  1114                           	bsf	3,2
  1115                           	endm
  1116                           skipc	macro
  1117                           	btfss	3,0
  1118                           	endm
  1119                           skipz	macro
  1120                           	btfss	3,2
  1121                           	endm
  1122                           skipnc	macro
  1123                           	btfsc	3,0
  1124                           	endm
  1125                           skipnz	macro
  1126                           	btfsc	3,2
  1127                           	endm
  1128                           indf	equ	0
  1129                           indf0	equ	0
  1130  009E                     __ptext203:	;psect for function _tick_update
  1131                           opt subtitle "HI-TECH Software Omniscient Code Generator (Lite mode) build 49521"
  1132                           
  1133                           opt pagewidth 120
  1134                           
  1135  0017                     	__size_of_tick_update	equ	__end_of_tick_update-_tick_update
  1136                           opt subtitle "HI-TECH Software Omniscient Code Generator (Lite mode) build 49521"
  1137  009E                     _tick_update:	
  1138                           opt subtitle "HI-TECH Software Omniscient Code Generator (Lite mode) build 49521"
  1139                           
  1140                           opt pagewidth 120
  1141                           
  1142  009E                     i1l547:	
  1143                           opt subtitle "HI-TECH Software Omniscient Code Generator (Lite mode) build 49521"
  1144  009E  1283               	bcf	status, 5	;RP0=0, select bank0
  1145  009F  1303               	bcf	status, 6	;RP1=0, select bank0
  1146  00A0  1C0C               	btfss	(12),0	;volatile
  1147  00A1  28A3               	goto	u3_21
  1148  00A2  28A4               	goto	u3_20
  1149  00A3                     u3_21:
  1150  00A3  28B4               	goto	i1l51
  1151  00A4                     u3_20:
  1152                           opt subtitle "HI-TECH Software Omniscient Code Generator (Lite mode) build 49521"
  1153                           
  1154  00A4                     i1l549:	
  1155                           opt subtitle "HI-TECH Software Omniscient Code Generator (Lite mode) build 49521"
  1156  00A4  3001               	movlw	01h
  1157  00A5  07F5               	addwf	(_tickcnt),f	;volatile
  1158  00A6  3000               	movlw	0
  1159  00A7  1803               	skipnc
  1160  00A8  3001               movlw 1
  1161  00A9  07F6               	addwf	(_tickcnt+1),f	;volatile
  1162  00AA  3000               	movlw	0
  1163  00AB  1803               	skipnc
  1164  00AC  3001               movlw 1
  1165  00AD  07F7               	addwf	(_tickcnt+2),f	;volatile
  1166  00AE  3000               	movlw	0
  1167  00AF  1803               	skipnc
  1168  00B0  3001               movlw 1
  1169  00B1  07F8               	addwf	(_tickcnt+3),f	;volatile
  1170                           opt subtitle "HI-TECH Software Omniscient Code Generator (Lite mode) build 49521"
  1171                           
  1172  00B2                     i1l551:	
  1173                           opt subtitle "HI-TECH Software Omniscient Code Generator (Lite mode) build 49521"
  1174  00B2  100C               	bcf	(12),0	;volatile
  1175  00B3  28B4               	goto	i1l51
  1176                           opt subtitle "HI-TECH Software Omniscient Code Generator (Lite mode) build 49521"
  1177                           
  1178  00B4                     i1l50:	
  1179                           opt subtitle "HI-TECH Software Omniscient Code Generator (Lite mode) build 49521"
  1180                           
  1181  00B4                     i1l51:	
  1182  00B4  0008               	return
  1183                           opt subtitle "HI-TECH Software Omniscient Code Generator (Lite mode) build 49521"
  1184                           
  1185  00B5                     	__end_of_tick_update:
  1186                           opt subtitle "HI-TECH Software Omniscient Code Generator (Lite mode) build 49521"
  1187                           
  1188                           opt pagewidth 120
  1189  0000                     __ptext204:	;psect for function _tick_update
  1190                           opt subtitle "HI-TECH Software Omniscient Code Generator (Lite mode) build 49521"
  1191  007E                     	btemp set 07Eh
  1192                           opt subtitle "HI-TECH Software Omniscient Code Generator (Lite mode) build 49521"
  1193                           
  1194                           opt pagewidth 120
  1195  007E                     	wtemp0 set btemp


Data Sizes:
    Strings     0
    Constant    0
    Data        0
    BSS         10
    Persistent  0
    Stack       0

Auto Spaces:
    Space          Size  Autos    Used
    COMMON           14      5       9
    BANK0            80     12      18
    BANK1            80      0       0
    BANK3            96      0       0
    BANK2            96      0       0

Pointer List with Targets:

    ?_tick_get	unsigned long  size(1) Largest target is 0


Critical Paths under _main in COMMON

    _tick_get->_tick_read_internal

Critical Paths under _isr in COMMON

    None.

Critical Paths under _main in BANK0

    _main->_tick_get

Critical Paths under _isr in BANK0

    None.

Critical Paths under _main in BANK1

    None.

Critical Paths under _isr in BANK1

    None.

Critical Paths under _main in BANK3

    None.

Critical Paths under _isr in BANK3

    None.

Critical Paths under _main in BANK2

    None.

Critical Paths under _isr in BANK2

    None.

Call Graph Tables:

 ---------------------------------------------------------------------------------
 (Depth) Function   	        Calls       Base Space   Used Autos Params    Refs
 ---------------------------------------------------------------------------------
 (0) _main                                                 8     8      0      37
                                              4 BANK0      8     8      0
                          _tick_init
                           _tick_get
 ---------------------------------------------------------------------------------
 (1) _tick_init                                            0     0      0       0
 ---------------------------------------------------------------------------------
 (1) _tick_get                                             4     0      4       0
                                              0 BANK0      4     0      4
                 _tick_read_internal
 ---------------------------------------------------------------------------------
 (2) _tick_read_internal                                   1     1      0       0
                                              4 COMMON     1     1      0
 ---------------------------------------------------------------------------------
 Estimated maximum stack depth 2
 ---------------------------------------------------------------------------------
 (Depth) Function   	        Calls       Base Space   Used Autos Params    Refs
 ---------------------------------------------------------------------------------
 (3) _isr                                                  4     4      0       0
                                              0 COMMON     4     4      0
                        _tick_update
 ---------------------------------------------------------------------------------
 (4) _tick_update                                          0     0      0       0
 ---------------------------------------------------------------------------------
 Estimated maximum stack depth 4
 ---------------------------------------------------------------------------------

 Call Graph Graphs:

 _main (ROOT)
   _tick_init
   _tick_get
     _tick_read_internal

 _isr (ROOT)
   _tick_update

 Address spaces:
Name               Size   Autos  Total    Cost      Usage
BITCOMMON            E      0       0       0        0.0%
EEDATA             100      0       0       0        0.0%
NULL                 0      0       0       0        0.0%
CODE                 0      0       0       0        0.0%
COMMON               E      5       9       1       64.3%
BITSFR0              0      0       0       1        0.0%
SFR0                 0      0       0       1        0.0%
BITSFR1              0      0       0       2        0.0%
SFR1                 0      0       0       2        0.0%
STACK                0      0       6       2        0.0%
ABS                  0      0      1B       3        0.0%
BITBANK0            50      0       0       4        0.0%
BITSFR3              0      0       0       4        0.0%
SFR3                 0      0       0       4        0.0%
BANK0               50      C      12       5       22.5%
BITSFR2              0      0       0       5        0.0%
SFR2                 0      0       0       5        0.0%
BITBANK1            50      0       0       6        0.0%
BANK1               50      0       0       7        0.0%
BITBANK3            60      0       0       8        0.0%
BANK3               60      0       0       9        0.0%
BITBANK2            60      0       0      10        0.0%
BANK2               60      0       0      11        0.0%
DATA                 0      0      21      12        0.0%


Microchip Technology PIC Macro Assembler V1.12 build 49521 
Symbol Table                                                                                   Wed Aug 27 23:45:11 2014

                __CFG_CP$OFF 0000                           l20 007B                           l17 0028  
                         l18 007A                           l19 007B                           l44 00D9  
                         l54 007D                           l55 009A                           l47 00C9  
                         l56 009D                           u70 009A                           u71 0099  
                         u80 0045                           u81 0046                           u90 0062  
                         u82 004B                           u91 0061                           u83 004C  
                         u95 005E                          l601 0018                          l611 006F  
                        l603 001A                          l613 00B5                          l605 0024  
                        l615 00B8                          l607 0028                          l617 00C9  
                        l609 0062                          l581 00D3                          l583 00D4  
                        l575 00CA                          l593 0084                          l585 00D5  
                        l577 00CF                          l595 0096                          l579 00D0  
                        l597 0013                          l599 0016                 __CFG_CPD$OFF 0000  
                        _isr 00DA                          fsr0 0004                          indf 0000  
               __CFG_FOSC$XT 0000                 __CFG_LVP$OFF 0000                         ?_isr 0070  
                       i1l23 00DD                         i1l50 00B4                         i1l51 00B4  
                       u3_20 00A4                         u3_21 00A3                 __CFG_WRT$OFF 0000  
                       _main 0013                         btemp 007E                         start 0011  
              __CFG_IESO$OFF 0000                __CFG_MCLRE$ON 0000                        ??_isr 0070  
                      ?_main 0070                __CFG_WDTE$OFF 0000                        _ANSEL 009B  
                      _T1CON 0010                        i1l551 00B2                        i1l547 009E  
                      i1l549 00A4                        i1l557 00DA                        _TMR1H 000F  
                      _TMR1L 000E                        _TRISA 0085                        _TRISB 0086  
             __CFG_CCPMX$RB0 0000               __CFG_FCMEN$OFF 0000  __size_of_tick_read_internal 0021  
             __CFG_BOREN$OFF 0000                        pclath 000A                        status 0003  
                      wtemp0 007E              __initialization 00EA                 __end_of_main 007D  
                     ??_main 0024                main@last_time 0028               __CFG_PWRTE$OFF 0000  
               ?_tick_update 0070             __end_of_tick_get 00CA                       saved_w 007E  
    __end_of__initialization 00F4               __pcstackCOMMON 0070                   __pbssBANK0 002C  
                 __pmaintext 0013                   __pintentry 0004           __size_of_tick_init 0010  
                  ?_tick_get 0020         __size_of_tick_update 0017                 __size_of_isr 0010  
                    _tickcnt 0075   __end_of_tick_read_internal 009E         end_of_initialization 00F4  
          __end_of_tick_init 00DA                   ??_tick_get 0075                   _tickbuffer 002C  
                  _PORTAbits 0005          start_initialization 00EA                  __end_of_isr 00EA  
                __pbssCOMMON 0075                __pcstackBANK0 0020                    __ptext200 00B5  
                  __ptext201 007D                    __ptext202 00DA                    __ptext203 009E  
                  __ptext204 0000                    __ptext198 0000                    __ptext199 00CA  
          __size_of_tick_get 0015            interrupt_function 0004                     _PIE1bits 008C  
         _tick_read_internal 007D                ??_tick_update 0070                    _tick_init 00CA  
                   _PIR1bits 000C          ?_tick_read_internal 0070         ??_tick_read_internal 0074  
                 ?_tick_init 0070          __end_of_tick_update 00B5                __size_of_main 006A  
                   _tick_get 00B5                   _INTCONbits 000B                     intlevel1 0000  
                ??_tick_init 0074                  _tick_update 009E  
